{
  "stats": {
    "suites": 1,
    "tests": 1,
    "passes": 0,
    "pending": 0,
    "failures": 1,
    "start": "2020-03-08T13:29:18.200Z",
    "end": "2020-03-08T13:30:34.489Z",
    "duration": 76289,
    "testsRegistered": 1,
    "passPercent": 0,
    "pendingPercent": 0,
    "other": 0,
    "hasOther": false,
    "skipped": 0,
    "hasSkipped": false,
    "passPercentClass": "danger",
    "pendingPercentClass": "danger"
  },
  "suites": {
    "uuid": "5c67799a-b810-4db8-a92a-e5d241f98251",
    "title": "",
    "fullFile": "features/use_todo-list.feature",
    "file": "features/use_todo-list.feature",
    "beforeHooks": [],
    "afterHooks": [],
    "tests": [],
    "suites": [
      {
        "uuid": "ac06d4ee-ef69-405a-b3a7-bdd4d334cf54",
        "title": "Use todo-list",
        "fullFile": "",
        "file": "",
        "beforeHooks": [],
        "afterHooks": [],
        "tests": [
          {
            "title": "xxx (example #1)",
            "fullTitle": "Use todo-list xxx (example #1)",
            "duration": 76238,
            "state": "failed",
            "pass": false,
            "fail": true,
            "pending": false,
            "context": "\"./screenshots/Use todo-list -- xxx (example #1) (failed).png\"",
            "code": "if (backgroundSection) {\n  backgroundSection.steps.forEach(step => {\n    stepTest.call(this, step);\n  });\n}\nscenario.steps.forEach(step => {\n  const newStep = Object.assign({}, step);\n  newStep.text = replaceParameterTags(rowData, newStep.text);\n  stepTest.call(this, newStep);\n});",
            "err": {
              "message": "CypressError: Timed out retrying: Expected to find element: '.product-image', but never found it.",
              "estack": "CypressError: Timed out retrying: Expected to find element: '.product-image', but never found it.\n    at Object.cypressErr (https://www.cea.com.br/__cypress/runner/cypress_runner.js:86207:11)\n    at Object.throwErr (https://www.cea.com.br/__cypress/runner/cypress_runner.js:86162:18)\n    at Object.throwErrByPath (https://www.cea.com.br/__cypress/runner/cypress_runner.js:86194:17)\n    at retry (https://www.cea.com.br/__cypress/runner/cypress_runner.js:76849:16)\n    at onFailFn (https://www.cea.com.br/__cypress/runner/cypress_runner.js:65634:16)\n    at tryCatcher (https://www.cea.com.br/__cypress/runner/cypress_runner.js:120203:23)\n    at Promise._settlePromiseFromHandler (https://www.cea.com.br/__cypress/runner/cypress_runner.js:118139:31)\n    at Promise._settlePromise (https://www.cea.com.br/__cypress/runner/cypress_runner.js:118196:18)\n    at Promise._settlePromise0 (https://www.cea.com.br/__cypress/runner/cypress_runner.js:118241:10)\n    at Promise._settlePromises (https://www.cea.com.br/__cypress/runner/cypress_runner.js:118316:18)\n    at Async../node_modules/bluebird/js/release/async.js.Async._drainQueue (https://www.cea.com.br/__cypress/runner/cypress_runner.js:114928:16)\n    at Async../node_modules/bluebird/js/release/async.js.Async._drainQueues (https://www.cea.com.br/__cypress/runner/cypress_runner.js:114938:10)\n    at Async.drainQueues (https://www.cea.com.br/__cypress/runner/cypress_runner.js:114812:14)"
            },
            "isRoot": false,
            "uuid": "5e472145-1399-440e-a4ae-9436d321dadd",
            "isHook": false,
            "skipped": false
          }
        ],
        "suites": [],
        "passes": [],
        "failures": [
          "5e472145-1399-440e-a4ae-9436d321dadd"
        ],
        "pending": [],
        "skipped": [],
        "duration": 76238,
        "root": false,
        "rootEmpty": false,
        "_timeout": 2000
      }
    ],
    "passes": [],
    "failures": [],
    "pending": [],
    "skipped": [],
    "duration": 0,
    "root": true,
    "rootEmpty": true,
    "_timeout": 2000
  },
  "copyrightYear": 2020
}