{
  "stats": {
    "suites": 1,
    "tests": 1,
    "passes": 1,
    "pending": 0,
    "failures": 0,
    "start": "2020-03-08T12:55:03.524Z",
    "end": "2020-03-08T12:55:48.817Z",
    "duration": 45293,
    "testsRegistered": 1,
    "passPercent": 100,
    "pendingPercent": 0,
    "other": 0,
    "hasOther": false,
    "skipped": 0,
    "hasSkipped": false,
    "passPercentClass": "success",
    "pendingPercentClass": "danger"
  },
  "suites": {
    "uuid": "f9a350ae-f64a-44a9-8bba-468f26ebb15b",
    "title": "",
    "fullFile": "features/use_todo-list.feature",
    "file": "features/use_todo-list.feature",
    "beforeHooks": [],
    "afterHooks": [],
    "tests": [],
    "suites": [
      {
        "uuid": "db4734f8-779d-474e-b2a8-6ce79fbc127a",
        "title": "Use todo-list",
        "fullFile": "",
        "file": "",
        "beforeHooks": [],
        "afterHooks": [],
        "tests": [
          {
            "title": "xxx (example #1)",
            "fullTitle": "Use todo-list xxx (example #1)",
            "duration": 44832,
            "state": "passed",
            "speed": "slow",
            "pass": true,
            "fail": false,
            "pending": false,
            "code": "if (backgroundSection) {\n  backgroundSection.steps.forEach(step => {\n    stepTest.call(this, step);\n  });\n}\nscenario.steps.forEach(step => {\n  const newStep = Object.assign({}, step);\n  newStep.text = replaceParameterTags(rowData, newStep.text);\n  stepTest.call(this, newStep);\n});",
            "err": {},
            "isRoot": false,
            "uuid": "8aaedb12-b9d5-4a4f-85c5-3a63bfb6387a",
            "isHook": false,
            "skipped": false
          }
        ],
        "suites": [],
        "passes": [
          "8aaedb12-b9d5-4a4f-85c5-3a63bfb6387a"
        ],
        "failures": [],
        "pending": [],
        "skipped": [],
        "duration": 44832,
        "root": false,
        "rootEmpty": false,
        "_timeout": 2000
      }
    ],
    "passes": [],
    "failures": [],
    "pending": [],
    "skipped": [],
    "duration": 0,
    "root": true,
    "rootEmpty": true,
    "_timeout": 2000
  },
  "copyrightYear": 2020
}