{
  "stats": {
    "suites": 1,
    "tests": 1,
    "passes": 0,
    "pending": 0,
    "failures": 1,
    "start": "2020-03-08T14:40:35.165Z",
    "end": "2020-03-08T14:41:21.161Z",
    "duration": 45996,
    "testsRegistered": 1,
    "passPercent": 0,
    "pendingPercent": 0,
    "other": 0,
    "hasOther": false,
    "skipped": 0,
    "hasSkipped": false,
    "passPercentClass": "danger",
    "pendingPercentClass": "danger"
  },
  "suites": {
    "uuid": "43ed397c-c083-4e32-b742-0eb4dba890e1",
    "title": "",
    "fullFile": "features/compraProduto.feature",
    "file": "features/compraProduto.feature",
    "beforeHooks": [],
    "afterHooks": [],
    "tests": [],
    "suites": [
      {
        "uuid": "695b3956-3e82-4260-b5fe-76da317e38f2",
        "title": "Eu como cliente desejo efetuar a compra de um produto no site da C&A",
        "fullFile": "",
        "file": "",
        "beforeHooks": [],
        "afterHooks": [],
        "tests": [
          {
            "title": "Efetuar o processo de compra até o carrinho (example #1)",
            "fullTitle": "Eu como cliente desejo efetuar a compra de um produto no site da C&A Efetuar o processo de compra até o carrinho (example #1)",
            "duration": 45903,
            "state": "failed",
            "pass": false,
            "fail": true,
            "pending": false,
            "context": "\"./screenshots/Eu como cliente desejo efetuar a compra de um produto no site da C&A -- Efetuar o processo de compra até o carrinho (example #1) (failed).png\"",
            "code": "if (backgroundSection) {\n  backgroundSection.steps.forEach(step => {\n    stepTest.call(this, step);\n  });\n}\nscenario.steps.forEach(step => {\n  const newStep = Object.assign({}, step);\n  newStep.text = replaceParameterTags(rowData, newStep.text);\n  stepTest.call(this, newStep);\n});",
            "err": {
              "message": "CypressError: Timed out retrying: cy.click() failed because the center of this element is hidden from view:\n\n<div id=\"product-buy-button\" data-component=\"productBuyButton\" data-productid=\"2237000\">...</div>\n\nFix this problem, or use {force: true} to disable error checking.\n\nhttps://on.cypress.io/element-cannot-be-interacted-with",
              "estack": "CypressError: Timed out retrying: cy.click() failed because the center of this element is hidden from view:\n\n<div id=\"product-buy-button\" data-component=\"productBuyButton\" data-productid=\"2237000\">...</div>\n\nFix this problem, or use {force: true} to disable error checking.\n\nhttps://on.cypress.io/element-cannot-be-interacted-with\n    at Object.cypressErr (https://www.cea.com.br/__cypress/runner/cypress_runner.js:86207:11)\n    at Object.throwErr (https://www.cea.com.br/__cypress/runner/cypress_runner.js:86162:18)\n    at Object.throwErrByPath (https://www.cea.com.br/__cypress/runner/cypress_runner.js:86194:17)\n    at Object.retry (https://www.cea.com.br/__cypress/runner/cypress_runner.js:76849:16)\n    at retryActionability (https://www.cea.com.br/__cypress/runner/cypress_runner.js:65238:19)\n    at tryCatcher (https://www.cea.com.br/__cypress/runner/cypress_runner.js:120203:23)\n    at Function.Promise.attempt.Promise.try (https://www.cea.com.br/__cypress/runner/cypress_runner.js:117478:29)\n    at tryFn (https://www.cea.com.br/__cypress/runner/cypress_runner.js:77307:21)\n    at whenStable (https://www.cea.com.br/__cypress/runner/cypress_runner.js:77342:12)\n    at https://www.cea.com.br/__cypress/runner/cypress_runner.js:76892:16\n    at tryCatcher (https://www.cea.com.br/__cypress/runner/cypress_runner.js:120203:23)\n    at Promise._settlePromiseFromHandler (https://www.cea.com.br/__cypress/runner/cypress_runner.js:118139:31)\n    at Promise._settlePromise (https://www.cea.com.br/__cypress/runner/cypress_runner.js:118196:18)\n    at Promise._settlePromise0 (https://www.cea.com.br/__cypress/runner/cypress_runner.js:118241:10)\n    at Promise._settlePromises (https://www.cea.com.br/__cypress/runner/cypress_runner.js:118320:18)\n    at Promise._fulfill (https://www.cea.com.br/__cypress/runner/cypress_runner.js:118265:18)"
            },
            "isRoot": false,
            "uuid": "e33e2ce8-44ee-4354-ae64-cefcef69b549",
            "isHook": false,
            "skipped": false
          }
        ],
        "suites": [],
        "passes": [],
        "failures": [
          "e33e2ce8-44ee-4354-ae64-cefcef69b549"
        ],
        "pending": [],
        "skipped": [],
        "duration": 45903,
        "root": false,
        "rootEmpty": false,
        "_timeout": 2000
      }
    ],
    "passes": [],
    "failures": [],
    "pending": [],
    "skipped": [],
    "duration": 0,
    "root": true,
    "rootEmpty": true,
    "_timeout": 2000
  },
  "copyrightYear": 2020
}