{
  "stats": {
    "suites": 1,
    "tests": 2,
    "passes": 0,
    "pending": 0,
    "failures": 2,
    "start": "2020-03-09T11:12:27.032Z",
    "end": "2020-03-09T11:12:27.514Z",
    "duration": 482,
    "testsRegistered": 2,
    "passPercent": 0,
    "pendingPercent": 0,
    "other": 0,
    "hasOther": false,
    "skipped": 0,
    "hasSkipped": false,
    "passPercentClass": "danger",
    "pendingPercentClass": "danger"
  },
  "suites": {
    "uuid": "532ee29b-2827-49ba-96b2-d6658441c7d9",
    "title": "",
    "fullFile": "features/compraProduto.feature",
    "file": "features/compraProduto.feature",
    "beforeHooks": [],
    "afterHooks": [],
    "tests": [],
    "suites": [
      {
        "uuid": "24231967-ad3d-4146-a9ca-4ae94279606a",
        "title": "Eu como cliente desejo efetuar a compra de um produto no site da C&A",
        "fullFile": "",
        "file": "",
        "beforeHooks": [],
        "afterHooks": [],
        "tests": [
          {
            "title": "Efetuar o processo de compra até o carrinho (example #1)",
            "fullTitle": "Eu como cliente desejo efetuar a compra de um produto no site da C&A Efetuar o processo de compra até o carrinho (example #1)",
            "duration": 316,
            "state": "failed",
            "pass": false,
            "fail": true,
            "pending": false,
            "context": "\"./screenshots/Eu como cliente desejo efetuar a compra de um produto no site da C&A -- Efetuar o processo de compra até o carrinho (example #1) (failed).png\"",
            "code": "if (backgroundSection) {\n  backgroundSection.steps.forEach(step => {\n    stepTest.call(this, step);\n  });\n}\nscenario.steps.forEach(step => {\n  const newStep = Object.assign({}, step);\n  newStep.text = replaceParameterTags(rowData, newStep.text);\n  stepTest.call(this, newStep);\n});",
            "err": {
              "message": "Error: Step implementation missing for: eu acesso o site da C&A pelo(a) \"celular\"",
              "estack": "Error: Step implementation missing for: eu acesso o site da C&A pelo(a) \"celular\"\n    at Context.resolveAndRunStepDefinition (https://www.cea.com.br/__cypress/tests?p=features/compraProduto.feature-926:9676:11)\n    at Context.stepTest (https://www.cea.com.br/__cypress/tests?p=features/compraProduto.feature-926:9499:31)\n    at https://www.cea.com.br/__cypress/tests?p=features/compraProduto.feature-926:9535:22\n    at Array.forEach (<anonymous>)\n    at Context.<anonymous> (https://www.cea.com.br/__cypress/tests?p=features/compraProduto.feature-926:9531:26)"
            },
            "isRoot": false,
            "uuid": "1d8f9ffc-5d23-47b1-b3d9-47dfa1eb4664",
            "isHook": false,
            "skipped": false
          },
          {
            "title": "Efetuar o processo de compra até o carrinho (example #2)",
            "fullTitle": "Eu como cliente desejo efetuar a compra de um produto no site da C&A Efetuar o processo de compra até o carrinho (example #2)",
            "duration": 148,
            "state": "failed",
            "pass": false,
            "fail": true,
            "pending": false,
            "context": "\"./screenshots/Eu como cliente desejo efetuar a compra de um produto no site da C&A -- Efetuar o processo de compra até o carrinho (example #2) (failed).png\"",
            "code": "if (backgroundSection) {\n  backgroundSection.steps.forEach(step => {\n    stepTest.call(this, step);\n  });\n}\nscenario.steps.forEach(step => {\n  const newStep = Object.assign({}, step);\n  newStep.text = replaceParameterTags(rowData, newStep.text);\n  stepTest.call(this, newStep);\n});",
            "err": {
              "message": "Error: Step implementation missing for: eu acesso o site da C&A pelo(a) \"web\"",
              "estack": "Error: Step implementation missing for: eu acesso o site da C&A pelo(a) \"web\"\n    at Context.resolveAndRunStepDefinition (https://www.cea.com.br/__cypress/tests?p=features/compraProduto.feature-926:9676:11)\n    at Context.stepTest (https://www.cea.com.br/__cypress/tests?p=features/compraProduto.feature-926:9499:31)\n    at https://www.cea.com.br/__cypress/tests?p=features/compraProduto.feature-926:9535:22\n    at Array.forEach (<anonymous>)\n    at Context.<anonymous> (https://www.cea.com.br/__cypress/tests?p=features/compraProduto.feature-926:9531:26)"
            },
            "isRoot": false,
            "uuid": "83ae0fad-fecc-4235-9f0e-ec04eb19b4ca",
            "isHook": false,
            "skipped": false
          }
        ],
        "suites": [],
        "passes": [],
        "failures": [
          "1d8f9ffc-5d23-47b1-b3d9-47dfa1eb4664",
          "83ae0fad-fecc-4235-9f0e-ec04eb19b4ca"
        ],
        "pending": [],
        "skipped": [],
        "duration": 464,
        "root": false,
        "rootEmpty": false,
        "_timeout": 2000
      }
    ],
    "passes": [],
    "failures": [],
    "pending": [],
    "skipped": [],
    "duration": 0,
    "root": true,
    "rootEmpty": true,
    "_timeout": 2000
  },
  "copyrightYear": 2020
}