{
  "stats": {
    "suites": 1,
    "tests": 1,
    "passes": 1,
    "pending": 0,
    "failures": 0,
    "start": "2020-03-08T13:36:20.395Z",
    "end": "2020-03-08T13:37:30.686Z",
    "duration": 70291,
    "testsRegistered": 1,
    "passPercent": 100,
    "pendingPercent": 0,
    "other": 0,
    "hasOther": false,
    "skipped": 0,
    "hasSkipped": false,
    "passPercentClass": "success",
    "pendingPercentClass": "danger"
  },
  "suites": {
    "uuid": "577a4f7e-53a6-4306-9be5-021813806cc2",
    "title": "",
    "fullFile": "features/use_todo-list.feature",
    "file": "features/use_todo-list.feature",
    "beforeHooks": [],
    "afterHooks": [],
    "tests": [],
    "suites": [
      {
        "uuid": "5cacacf5-3fb8-4357-8f3a-11a208da664d",
        "title": "Use todo-list",
        "fullFile": "",
        "file": "",
        "beforeHooks": [],
        "afterHooks": [],
        "tests": [
          {
            "title": "xxx (example #1)",
            "fullTitle": "Use todo-list xxx (example #1)",
            "duration": 69924,
            "state": "passed",
            "speed": "slow",
            "pass": true,
            "fail": false,
            "pending": false,
            "code": "if (backgroundSection) {\n  backgroundSection.steps.forEach(step => {\n    stepTest.call(this, step);\n  });\n}\nscenario.steps.forEach(step => {\n  const newStep = Object.assign({}, step);\n  newStep.text = replaceParameterTags(rowData, newStep.text);\n  stepTest.call(this, newStep);\n});",
            "err": {},
            "isRoot": false,
            "uuid": "0e9b8bf3-8ede-443e-934c-aa3a9aa3b010",
            "isHook": false,
            "skipped": false
          }
        ],
        "suites": [],
        "passes": [
          "0e9b8bf3-8ede-443e-934c-aa3a9aa3b010"
        ],
        "failures": [],
        "pending": [],
        "skipped": [],
        "duration": 69924,
        "root": false,
        "rootEmpty": false,
        "_timeout": 2000
      }
    ],
    "passes": [],
    "failures": [],
    "pending": [],
    "skipped": [],
    "duration": 0,
    "root": true,
    "rootEmpty": true,
    "_timeout": 2000
  },
  "copyrightYear": 2020
}