{
  "stats": {
    "suites": 1,
    "tests": 1,
    "passes": 0,
    "pending": 0,
    "failures": 1,
    "start": "2020-03-08T16:33:25.009Z",
    "end": "2020-03-08T16:35:29.922Z",
    "duration": 124913,
    "testsRegistered": 1,
    "passPercent": 0,
    "pendingPercent": 0,
    "other": 0,
    "hasOther": false,
    "skipped": 0,
    "hasSkipped": false,
    "passPercentClass": "danger",
    "pendingPercentClass": "danger"
  },
  "suites": {
    "uuid": "8a1c3a19-a2ba-4554-9ae2-7ef3a687bf2f",
    "title": "",
    "fullFile": "features/compraProduto.feature",
    "file": "features/compraProduto.feature",
    "beforeHooks": [],
    "afterHooks": [],
    "tests": [],
    "suites": [
      {
        "uuid": "61b2ec95-9775-4287-a013-a8cabd1ebb33",
        "title": "Eu como cliente desejo efetuar a compra de um produto no site da C&A",
        "fullFile": "",
        "file": "",
        "beforeHooks": [],
        "afterHooks": [],
        "tests": [
          {
            "title": "Efetuar o processo de compra até o carrinho (example #1)",
            "fullTitle": "Eu como cliente desejo efetuar a compra de um produto no site da C&A Efetuar o processo de compra até o carrinho (example #1)",
            "duration": 124819,
            "state": "failed",
            "pass": false,
            "fail": true,
            "pending": false,
            "context": "\"./screenshots/Eu como cliente desejo efetuar a compra de um produto no site da C&A -- Efetuar o processo de compra até o carrinho (example #1) (failed).png\"",
            "code": "if (backgroundSection) {\n  backgroundSection.steps.forEach(step => {\n    stepTest.call(this, step);\n  });\n}\nscenario.steps.forEach(step => {\n  const newStep = Object.assign({}, step);\n  newStep.text = replaceParameterTags(rowData, newStep.text);\n  stepTest.call(this, newStep);\n});",
            "err": {
              "message": "CypressError: Timed out retrying: Expected to find element: '.sidebar', but never found it.",
              "estack": "CypressError: Timed out retrying: Expected to find element: '.sidebar', but never found it.\n    at Object.cypressErr (https://www.cea.com.br/__cypress/runner/cypress_runner.js:86207:11)\n    at Object.throwErr (https://www.cea.com.br/__cypress/runner/cypress_runner.js:86162:18)\n    at Object.throwErrByPath (https://www.cea.com.br/__cypress/runner/cypress_runner.js:86194:17)\n    at retry (https://www.cea.com.br/__cypress/runner/cypress_runner.js:76849:16)\n    at onFailFn (https://www.cea.com.br/__cypress/runner/cypress_runner.js:65634:16)\n    at tryCatcher (https://www.cea.com.br/__cypress/runner/cypress_runner.js:120203:23)\n    at Promise._settlePromiseFromHandler (https://www.cea.com.br/__cypress/runner/cypress_runner.js:118139:31)\n    at Promise._settlePromise (https://www.cea.com.br/__cypress/runner/cypress_runner.js:118196:18)\n    at Promise._settlePromise0 (https://www.cea.com.br/__cypress/runner/cypress_runner.js:118241:10)\n    at Promise._settlePromises (https://www.cea.com.br/__cypress/runner/cypress_runner.js:118316:18)\n    at Async../node_modules/bluebird/js/release/async.js.Async._drainQueue (https://www.cea.com.br/__cypress/runner/cypress_runner.js:114928:16)\n    at Async../node_modules/bluebird/js/release/async.js.Async._drainQueues (https://www.cea.com.br/__cypress/runner/cypress_runner.js:114938:10)\n    at Async.drainQueues (https://www.cea.com.br/__cypress/runner/cypress_runner.js:114812:14)"
            },
            "isRoot": false,
            "uuid": "63fc170d-8755-4c1b-bea7-16ea4f8f82ac",
            "isHook": false,
            "skipped": false
          }
        ],
        "suites": [],
        "passes": [],
        "failures": [
          "63fc170d-8755-4c1b-bea7-16ea4f8f82ac"
        ],
        "pending": [],
        "skipped": [],
        "duration": 124819,
        "root": false,
        "rootEmpty": false,
        "_timeout": 2000
      }
    ],
    "passes": [],
    "failures": [],
    "pending": [],
    "skipped": [],
    "duration": 0,
    "root": true,
    "rootEmpty": true,
    "_timeout": 2000
  },
  "copyrightYear": 2020
}