{
  "stats": {
    "suites": 1,
    "tests": 1,
    "passes": 1,
    "pending": 0,
    "failures": 0,
    "start": "2020-03-08T13:47:19.738Z",
    "end": "2020-03-08T13:48:31.886Z",
    "duration": 72148,
    "testsRegistered": 1,
    "passPercent": 100,
    "pendingPercent": 0,
    "other": 0,
    "hasOther": false,
    "skipped": 0,
    "hasSkipped": false,
    "passPercentClass": "success",
    "pendingPercentClass": "danger"
  },
  "suites": {
    "uuid": "006cdc38-b8dd-4953-94fa-4a84b80ab7a0",
    "title": "",
    "fullFile": "features/compraProduto.feature",
    "file": "features/compraProduto.feature",
    "beforeHooks": [],
    "afterHooks": [],
    "tests": [],
    "suites": [
      {
        "uuid": "81642aad-f5c2-4bc6-b870-3907da142c54",
        "title": "Eu como cliente desejo efetuar a compra de um produto no site da C&A",
        "fullFile": "",
        "file": "",
        "beforeHooks": [],
        "afterHooks": [],
        "tests": [
          {
            "title": "Efetuar o processo de compra até o carrinho (example #1)",
            "fullTitle": "Eu como cliente desejo efetuar a compra de um produto no site da C&A Efetuar o processo de compra até o carrinho (example #1)",
            "duration": 71887,
            "state": "passed",
            "speed": "slow",
            "pass": true,
            "fail": false,
            "pending": false,
            "code": "if (backgroundSection) {\n  backgroundSection.steps.forEach(step => {\n    stepTest.call(this, step);\n  });\n}\nscenario.steps.forEach(step => {\n  const newStep = Object.assign({}, step);\n  newStep.text = replaceParameterTags(rowData, newStep.text);\n  stepTest.call(this, newStep);\n});",
            "err": {},
            "isRoot": false,
            "uuid": "b9eb3021-3449-4074-a247-5fa63f150a19",
            "isHook": false,
            "skipped": false
          }
        ],
        "suites": [],
        "passes": [
          "b9eb3021-3449-4074-a247-5fa63f150a19"
        ],
        "failures": [],
        "pending": [],
        "skipped": [],
        "duration": 71887,
        "root": false,
        "rootEmpty": false,
        "_timeout": 2000
      }
    ],
    "passes": [],
    "failures": [],
    "pending": [],
    "skipped": [],
    "duration": 0,
    "root": true,
    "rootEmpty": true,
    "_timeout": 2000
  },
  "copyrightYear": 2020
}